[01, 1] PCIWRITE f7cc0000 (4) fee0100c 0x800f3e50
[01, 1] PCIWRITE f7cc0004 (4) 0 0x800f3e54
[01, 1] PCIWRITE f7cc0008 (4) 4149 0x800f3e58
[01, 1] PCIWRITE f7cc0010 (4) fee0100c 0x800f3e60
[01, 1] PCIWRITE f7cc0014 (4) 0 0x800f3e64
[01, 1] PCIWRITE f7cc0018 (4) 4151 0x800f3e68
[01, 1] PCIWRITE f7cc0020 (4) fee0100c 0x800f3e70
[01, 1] PCIWRITE f7cc0024 (4) 0 0x800f3e74
[01, 1] PCIWRITE f7cc0028 (4) 4159 0x800f3e78
[01, 1] PCIREAD f7cc000c (4) 0 0x800f3e5c
[01, 1] PCIWRITE f7cc000c (4) 1 0x800f3e5c
[01, 1] PCIREAD f7cc001c (4) 0 0x800f3e6c
[01, 1] PCIWRITE f7cc001c (4) 1 0x800f3e6c
[01, 1] PCIREAD f7cc002c (4) 0 0x800f3e7c
[01, 1] PCIWRITE f7cc002c (4) 1 0x800f3e7c
[01, 1] PCIWRITE f7ce1528 (4) ffffffff 0x88001528
[01, 1] PCIWRITE f7ce152c (4) 0 0x8800152c
[01, 1] PCIREAD f7ce0000 (4) 0 0x88000000
[01, 1] PCIWRITE f7ce0000 (4) 4000000 0x88000000
[01, 1] PCIREAD f7ce0c40 (4) 80 0x88000c40
[01, 1] PCIREAD f7ce0c40 (4) 0 0x88000c40
[01, 1] PCIWRITE f7ce0c40 (4) 4 0x88000c40
[01, 1] PCIREAD f7ce0c40 (4) 4 0x88000c40
[01, 1] PCIREAD f7ce0c40 (4) 4 0x88000c40
[01, 1] PCIREAD f7ce0c40 (4) 4 0x88000c40
[01, 1] PCIWRITE f7ce0800 (4) 1 0x88000800
[01, 1] PCIWRITE f7ce0c40 (4) 1 0x88000c40
[01, 1] PCIREAD f7ce0c40 (4) 0 0x88000c40
[01, 1] PCIREAD f7ce0c40 (4) 30 0x88000c40
[01, 1] PCIREAD f7ce0c40 (4) 0 0x88000c40
[01, 1] PCIWRITE f7ce0c40 (4) 4 0x88000c40
[01, 1] PCIREAD f7ce0c40 (4) 4 0x88000c40
[01, 1] PCIREAD f7ce0800 (4) 80000001 0x88000800
[01, 1] PCIREAD f7ce0804 (4) 4d211b00 0x88000804
[01, 1] PCIREAD f7ce0808 (4) e8e2 0x88000808
[01, 1] PCIWRITE f7ce0c40 (4) 2 0x88000c40
[01, 1] PCIREAD f7ce0000 (4) 0 0x88000000
[01, 1] PCIWRITE f7ce0000 (4) 4000000 0x88000000
[01, 1] PCIREAD f7ce0c40 (4) 0 0x88000c40
[01, 1] PCIWRITE f7ce0c40 (4) 4 0x88000c40
[01, 1] PCIREAD f7ce0c40 (4) 4 0x88000c40
[01, 1] PCIREAD f7ce0c40 (4) 4 0x88000c40
[01, 1] PCIREAD f7ce0c40 (4) 4 0x88000c40
[01, 1] PCIWRITE f7ce0800 (4) 1 0x88000800
[01, 1] PCIWRITE f7ce0c40 (4) 1 0x88000c40
[01, 1] PCIREAD f7ce0c40 (4) 30 0x88000c40
[01, 1] PCIREAD f7ce0c40 (4) 0 0x88000c40
[01, 1] PCIWRITE f7ce0c40 (4) 4 0x88000c40
[01, 1] PCIREAD f7ce0c40 (4) 4 0x88000c40
[01, 1] PCIREAD f7ce0800 (4) 80000001 0x88000800
[01, 1] PCIREAD f7ce0804 (4) 4d211b00 0x88000804
[01, 1] PCIREAD f7ce0808 (4) e8e2 0x88000808
[01, 1] PCIWRITE f7ce0c40 (4) 2 0x88000c40
[01, 1] PCIWRITE f7ce0c40 (4) 4 0x88000c40
[01, 1] PCIREAD f7ce0c40 (4) 4 0x88000c40
[01, 1] PCIREAD f7ce0c40 (4) 4 0x88000c40
[01, 1] PCIREAD f7ce0c40 (4) 4 0x88000c40
[01, 1] PCIWRITE f7ce0800 (4) 2 0x88000800
[01, 1] PCIWRITE f7ce0804 (4) 4d211b00 0x88000804
[01, 1] PCIWRITE f7ce0808 (4) e8e2 0x88000808
[01, 1] PCIWRITE f7ce0c40 (4) 1 0x88000c40
[01, 1] PCIREAD f7ce0c40 (4) 0 0x88000c40
[01, 1] PCIREAD f7ce0c40 (4) 30 0x88000c40
[01, 1] PCIREAD f7ce0c40 (4) 0 0x88000c40
[01, 1] PCIWRITE f7ce0c40 (4) 4 0x88000c40
[01, 1] PCIREAD f7ce0c40 (4) 4 0x88000c40
[01, 1] PCIREAD f7ce0800 (4) a0000002 0x88000800
[01, 1] PCIREAD f7ce0804 (4) 4d211b00 0x88000804
[01, 1] PCIREAD f7ce0808 (4) e8e2 0x88000808
[01, 1] PCIWRITE f7ce0c40 (4) 2 0x88000c40
[01, 1] PCIREAD f7ce0f10 (4) 0 0x88000f10
[01, 1] PCIREAD f7ce0f18 (4) 0 0x88000f18
[01, 1] PCIREAD f7ce0f14 (4) 0 0x88000f14
[01, 1] PCIREAD f7ce0f34 (4) 0 0x88000f34
[01, 1] PCIREAD f7ce0f3c (4) 0 0x88000f3c
[01, 1] PCIREAD f7ce0f50 (4) 0 0x88000f50
[01, 1] PCIREAD f7ce0f44 (4) 0 0x88000f44
[01, 1] PCIREAD f7ce0f48 (4) 0 0x88000f48
[01, 1] PCIREAD f7ce0f40 (4) 0 0x88000f40
[01, 1] PCIREAD f7ce0f10 (4) 0 0x88000f10
[01, 1] PCIREAD f7ce0f18 (4) 0 0x88000f18
[01, 1] PCIREAD f7ce0f14 (4) 0 0x88000f14
[01, 1] PCIREAD f7ce0f34 (4) 0 0x88000f34
[01, 1] PCIREAD f7ce0f3c (4) 0 0x88000f3c
[01, 1] PCIREAD f7ce0f50 (4) 0 0x88000f50
[01, 1] PCIREAD f7ce0f44 (4) 0 0x88000f44
[01, 1] PCIREAD f7ce0f48 (4) 0 0x88000f48
[01, 1] PCIREAD f7ce0f40 (4) 0 0x88000f40
[01, 1] PCIWRITE f7ce0c40 (4) 4 0x88000c40
[01, 1] PCIREAD f7ce0c40 (4) 4 0x88000c40
[01, 1] PCIREAD f7ce0c40 (4) 4 0x88000c40
[01, 1] PCIREAD f7ce0c40 (4) 4 0x88000c40
[01, 1] PCIWRITE f7ce0800 (4) 10003 0x88000800
[01, 1] PCIWRITE f7ce0804 (4) 20010 0x88000804
[01, 1] PCIWRITE f7ce0808 (4) 0 0x88000808
[01, 1] PCIWRITE f7ce080c (4) c6e7aee0 0x8800080c
[01, 1] PCIWRITE f7ce0810 (4) 163 0x88000810
[01, 1] PCIWRITE f7ce0814 (4) 7 0x88000814
[01, 1] PCIWRITE f7ce0818 (4) c107fa83 0x88000818
[01, 1] PCIWRITE f7ce081c (4) c6e7af00 0x8800081c
[01, 1] PCIWRITE f7ce0820 (4) c6e7aee0 0x88000820
[01, 1] PCIWRITE f7ce0824 (4) c14d7bc0 0x88000824
[01, 1] PCIWRITE f7ce0828 (4) ffffffff 0x88000828
[01, 1] PCIWRITE f7ce082c (4) 8020 0x8800082c
[01, 1] PCIWRITE f7ce0830 (4) 4000 0x88000830
[01, 1] PCIWRITE f7ce0834 (4) 7 0x88000834
[01, 1] PCIWRITE f7ce0838 (4) c1005b89 0x88000838
[01, 1] PCIWRITE f7ce083c (4) 0 0x8800083c
[01, 1] PCIWRITE f7ce0c40 (4) 1 0x88000c40
[01, 1] PCIREAD f7ce0c40 (4) 0 0x88000c40
[01, 1] PCIREAD f7ce0c40 (4) 30 0x88000c40
[01, 1] PCIREAD f7ce3828 (4) 0 0x88003828
[01, 1] PCIWRITE f7ce3828 (4) 0 0x88003828
[01, 1] PCIWRITE f7ce3808 (4) 4000 0x88003808
[01, 1] PCIWRITE f7ce3800 (4) 6e4c000 0x88003800
[01, 1] PCIWRITE f7ce3804 (4) 0 0x88003804
[01, 1] PCIWRITE f7ce3810 (4) 0 0x88003810
[01, 1] PCIWRITE f7ce3818 (4) 0 0x88003818
[01, 1] PCIREAD f7ce3814 (4) 2a00 0x88003814
[01, 1] PCIWRITE f7ce3814 (4) 2200 0x88003814
[01, 1] PCIWRITE f7ce3828 (4) 2000000 0x88003828
[01, 1] PCIWRITE f7ce280c (4) 82000002 0x8800280c
[01, 1] PCIREAD f7ce2828 (4) 10000 0x88002828
[01, 1] PCIWRITE f7ce2828 (4) 10000 0x88002828
[01, 1] PCIWRITE f7ce2800 (4) 6e68000 0x88002800
[01, 1] PCIWRITE f7ce2804 (4) 0 0x88002804
[01, 1] PCIWRITE f7ce2808 (4) 4000 0x88002808
[01, 1] PCIWRITE f7ce2810 (4) 0 0x88002810
[01, 1] PCIWRITE f7ce2818 (4) 0 0x88002818
[01, 1] PCIWRITE f7ce0c40 (4) 4 0x88000c40
[01, 1] PCIREAD f7ce0c40 (4) 4 0x88000c40
[01, 1] PCIREAD f7ce0c40 (4) 4 0x88000c40
[01, 1] PCIREAD f7ce0c40 (4) 4 0x88000c40
[01, 1] PCIWRITE f7ce0800 (4) 5 0x88000800
[01, 1] PCIWRITE f7ce0804 (4) 5ee 0x88000804
[01, 1] PCIWRITE f7ce0c40 (4) 1 0x88000c40
[01, 1] PCIREAD f7ce0c40 (4) 30 0x88000c40
[01, 1] PCIWRITE f7ce2828 (4) 2010810 0x88002828
[01, 1] PCIWRITE f7ce2818 (4) 3fe 0x88002818
[01, 1] PCIWRITE f7cc000c (4) 0 0x800f3e5c
[01, 1] PCIREAD f7cc0000 (4) fee0100c 0x800f3e50
[01, 1] PCIREAD f7cc0000 (4) fee0100c 0x800f3e50
[01, 1] PCIREAD f7cc0004 (4) 0 0x800f3e54
[01, 1] PCIREAD f7cc0008 (4) 4149 0x800f3e58
[01, 1] PCIWRITE f7cc0000 (4) fee0100c 0x800f3e50
[01, 1] PCIWRITE f7cc0004 (4) 0 0x800f3e54
[01, 1] PCIWRITE f7cc0008 (4) 4149 0x800f3e58
[01, 1] PCIWRITE f7cc001c (4) 0 0x800f3e6c
[01, 1] PCIREAD f7cc0000 (4) fee0100c 0x800f3e50
[01, 1] PCIREAD f7cc0010 (4) fee0100c 0x800f3e60
[01, 1] PCIREAD f7cc0014 (4) 0 0x800f3e64
[01, 1] PCIREAD f7cc0018 (4) 4151 0x800f3e68
[01, 1] PCIWRITE f7cc0010 (4) fee0100c 0x800f3e60
[01, 1] PCIWRITE f7cc0014 (4) 0 0x800f3e64
[01, 1] PCIWRITE f7cc0018 (4) 4151 0x800f3e68
[01, 1] PCIWRITE f7cc002c (4) 0 0x800f3e7c
[01, 1] PCIREAD f7cc0000 (4) fee0100c 0x800f3e50
[01, 1] PCIREAD f7cc0020 (4) fee0100c 0x800f3e70
[01, 1] PCIREAD f7cc0024 (4) 0 0x800f3e74
[01, 1] PCIREAD f7cc0028 (4) 4159 0x800f3e78
[01, 1] PCIWRITE f7cc0020 (4) fee0100c 0x800f3e70
[01, 1] PCIWRITE f7cc0024 (4) 0 0x800f3e74
[01, 1] PCIWRITE f7cc0028 (4) 4159 0x800f3e78
[01, 1] PCIREAD f7ce1700 (4) a0a0a0a 0x88001700
[01, 1] PCIWRITE f7ce1700 (4) a0a800a 0x88001700
[01, 1] PCIWRITE f7ce1680 (4) 7a0 0x88001680
[01, 1] PCIREAD f7ce1700 (4) a0a800a 0x88001700
[01, 1] PCIWRITE f7ce1700 (4) a0a8081 0x88001700
[01, 1] PCIWRITE f7ce1684 (4) 7a0 0x88001684
[01, 1] PCIWRITE f7ce1740 (4) 82 0x88001740
[01, 1] PCIREAD f7ce0008 (4) e0743 0x88000008
[01, 1] PCIREAD f7ce1580 (4) 0 0x88001580
[01, 1] PCIWRITE f7ce152c (4) 7 0x8800152c
[01, 1] PCIWRITE f7ce1530 (4) 7 0x88001530
[01, 1] PCIWRITE f7ce1524 (4) 7 0x88001524
[01, 1] PCIWRITE f7ce0c40 (4) 4 0x88000c40
[01, 1] PCIREAD f7ce0c40 (4) 4 0x88000c40
[01, 1] PCIREAD f7ce0c40 (4) 4 0x88000c40
[01, 1] PCIREAD f7ce0c40 (4) 4 0x88000c40
[01, 1] PCIWRITE f7ce0800 (4) 10003 0x88000800
[01, 1] PCIWRITE f7ce0804 (4) c1860010 0x88000804
[01, 1] PCIWRITE f7ce0808 (4) 46 0x88000808
[01, 1] PCIWRITE f7ce080c (4) 0 0x8800080c
[01, 1] PCIWRITE f7ce0810 (4) 0 0x88000810
[01, 1] PCIWRITE f7ce0814 (4) 46 0x88000814
[01, 1] PCIWRITE f7ce0818 (4) 46 0x88000818
[01, 1] PCIWRITE f7ce081c (4) 30 0x8800081c
[01, 1] PCIWRITE f7ce0820 (4) c102fa5c 0x88000820
[01, 1] PCIWRITE f7ce0824 (4) c1003c24 0x88000824
[01, 1] PCIWRITE f7ce0828 (4) c7482b80 0x88000828
[01, 1] PCIWRITE f7ce082c (4) 0 0x8800082c
[01, 1] PCIWRITE f7ce0830 (4) c7482800 0x88000830
[01, 1] PCIWRITE f7ce0834 (4) 0 0x88000834
[01, 1] PCIWRITE f7ce0838 (4) c1002be9 0x88000838
[01, 1] PCIWRITE f7ce083c (4) 0 0x8800083c
[01, 1] PCIWRITE f7ce0c40 (4) 1 0x88000c40
[01, 1] PCIREAD f7ce0c40 (4) 0 0x88000c40
[01, 1] PCIWRITE f7ce1524 (4) 4 0x88001524
[01, 1] PCIWRITE f7ce1524 (4) 4 0x88001524
[01, 1] PCIREAD f7ce0c40 (4) 30 0x88000c40
[01, 1] PCIWRITE f7ce0c40 (4) 4 0x88000c40
[01, 1] PCIREAD f7ce0c40 (4) 4 0x88000c40
[01, 1] PCIREAD f7ce0c40 (4) 4 0x88000c40
[01, 1] PCIREAD f7ce0c40 (4) 4 0x88000c40
[01, 1] PCIWRITE f7ce0800 (4) 20003 0x88000800
[01, 1] PCIWRITE f7ce0804 (4) 100010 0x88000804
[01, 1] PCIWRITE f7ce0808 (4) c74f7a40 0x88000808
[01, 1] PCIWRITE f7ce080c (4) c105d25b 0x8800080c
[01, 1] PCIWRITE f7ce0810 (4) c75205bc 0x88000810
[01, 1] PCIWRITE f7ce0814 (4) 12 0x88000814
[01, 1] PCIWRITE f7ce0818 (4) 12 0x88000818
[01, 1] PCIWRITE f7ce081c (4) 0 0x8800081c
[01, 1] PCIWRITE f7ce0820 (4) c6e4bd90 0x88000820
[01, 1] PCIWRITE f7ce0824 (4) c1004367 0x88000824
[01, 1] PCIWRITE f7ce0828 (4) c102fa5c 0x88000828
[01, 1] PCIWRITE f7ce082c (4) c1003c24 0x8800082c
[01, 1] PCIWRITE f7ce0830 (4) b8 0x88000830
[01, 1] PCIWRITE f7ce0834 (4) 152144de 0x88000834
[01, 1] PCIWRITE f7ce0838 (4) 15214426 0x88000838
[01, 1] PCIWRITE f7ce083c (4) 0 0x8800083c
[01, 1] PCIWRITE f7ce0c40 (4) 1 0x88000c40
[01, 1] PCIREAD f7ce0c40 (4) 0 0x88000c40
[01, 1] PCIWRITE f7ce1524 (4) 4 0x88001524
[01, 1] PCIWRITE f7ce1524 (4) 4 0x88001524
[01, 1] PCIREAD f7ce0c40 (4) 30 0x88000c40
[01, 1] PCIWRITE f7ce0c40 (4) 4 0x88000c40
[01, 1] PCIREAD f7ce0c40 (4) 4 0x88000c40
[01, 1] PCIREAD f7ce0c40 (4) 4 0x88000c40
[01, 1] PCIREAD f7ce0c40 (4) 4 0x88000c40
[01, 1] PCIWRITE f7ce0800 (4) 20003 0x88000800
[01, 1] PCIWRITE f7ce0804 (4) 100010 0x88000804
[01, 1] PCIWRITE f7ce0808 (4) 10000e0 0x88000808
[01, 1] PCIWRITE f7ce080c (4) c86db840 0x8800080c
[01, 1] PCIWRITE f7ce0810 (4) b96f961a 0x88000810
[01, 1] PCIWRITE f7ce0814 (4) 724b743c 0x88000814
[01, 1] PCIWRITE f7ce0818 (4) c18d2cf4 0x88000818
[01, 1] PCIWRITE f7ce081c (4) 0 0x8800081c
[01, 1] PCIWRITE f7ce0820 (4) 1 0x88000820
[01, 1] PCIWRITE f7ce0824 (4) c7482800 0x88000824
[01, 1] PCIWRITE f7ce0828 (4) c11943ca 0x88000828
[01, 1] PCIWRITE f7ce082c (4) 0 0x8800082c
[01, 1] PCIWRITE f7ce0830 (4) 0 0x88000830
[01, 1] PCIWRITE f7ce0834 (4) c12d626f 0x88000834
[01, 1] PCIWRITE f7ce0838 (4) 6d482800 0x88000838
[01, 1] PCIWRITE f7ce083c (4) 0 0x8800083c
[01, 1] PCIWRITE f7ce0c40 (4) 1 0x88000c40
[01, 1] PCIREAD f7ce0c40 (4) 0 0x88000c40
[01, 1] PCIWRITE f7ce1524 (4) 4 0x88001524
[01, 1] PCIREAD f7ce0c40 (4) 30 0x88000c40
[01, 1] PCIWRITE f7ce1524 (4) 4 0x88001524
[01, 1] PCIWRITE f7ce2818 (4) 1 0x88002818
[01, 1] PCIWRITE f7ce1524 (4) 2 0x88001524
[01, 1] PCIWRITE f7ce1524 (4) 2 0x88001524
[01, 1] PCIREAD f7ce0c40 (4) 0 0x88000c40
[01, 1] PCIREAD f7ce0008 (4) e0743 0x88000008
[01, 1] PCIWRITE f7ce0c40 (4) 4 0x88000c40
[01, 1] PCIREAD f7ce0c40 (4) 4 0x88000c40
[01, 1] PCIREAD f7ce0800 (4) a0000003 0x88000800
[01, 1] PCIWRITE f7ce0c40 (4) 2 0x88000c40
[01, 1] PCIREAD f7ce0008 (4) e0743 0x88000008
[01, 1] PCIREAD f7ce0f10 (4) 3 0x88000f10
[01, 1] PCIREAD f7ce0f18 (4) 15c 0x88000f18
[01, 1] PCIREAD f7ce0f14 (4) 0 0x88000f14
[01, 1] PCIREAD f7ce0f34 (4) 0 0x88000f34
[01, 1] PCIREAD f7ce0f3c (4) 3 0x88000f3c
[01, 1] PCIREAD f7ce0f50 (4) 0 0x88000f50
[01, 1] PCIREAD f7ce0f44 (4) 0 0x88000f44
[01, 1] PCIREAD f7ce0f48 (4) 0 0x88000f48
[01, 1] PCIREAD f7ce0f40 (4) 0 0x88000f40
[01, 1] PCIWRITE f7ce1520 (4) 2 0x88001520
[01, 1] PCIWRITE f7ce1524 (4) 2 0x88001524
[01, 1] PCIWRITE f7ce0c40 (4) 4 0x88000c40
[01, 1] PCIREAD f7ce0c40 (4) 4 0x88000c40
[01, 1] PCIREAD f7ce0c40 (4) 4 0x88000c40
[01, 1] PCIREAD f7ce0c40 (4) 4 0x88000c40
[01, 1] PCIWRITE f7ce0800 (4) 30003 0x88000800
[01, 1] PCIWRITE f7ce0804 (4) 100e8e 0x88000804
[01, 1] PCIWRITE f7ce0808 (4) c6e70010 0x88000808
[01, 1] PCIWRITE f7ce080c (4) c745dc00 0x8800080c
[01, 1] PCIWRITE f7ce0810 (4) ffffffef 0x88000810
[01, 1] PCIWRITE f7ce0814 (4) c1321bdf 0x88000814
[01, 1] PCIWRITE f7ce0818 (4) c745db00 0x88000818
[01, 1] PCIWRITE f7ce081c (4) c7445e58 0x8800081c
[01, 1] PCIWRITE f7ce0820 (4) 40 0x88000820
[01, 1] PCIWRITE f7ce0824 (4) 4 0x88000824
[01, 1] PCIWRITE f7ce0828 (4) 40 0x88000828
[01, 1] PCIWRITE f7ce082c (4) c745dcbc 0x8800082c
[01, 1] PCIWRITE f7ce0830 (4) c7445e6c 0x88000830
[01, 1] PCIWRITE f7ce0834 (4) 2 0x88000834
[01, 1] PCIWRITE f7ce0838 (4) 0 0x88000838
[01, 1] PCIWRITE f7ce083c (4) 0 0x8800083c
[01, 1] PCIWRITE f7ce0c40 (4) 1 0x88000c40
[01, 1] PCIREAD f7ce0c40 (4) 0 0x88000c40
[01, 1] PCIWRITE f7ce1524 (4) 4 0x88001524
[01, 1] PCIWRITE f7ce1524 (4) 4 0x88001524
[01, 1] PCIREAD f7ce0c40 (4) 30 0x88000c40
[01, 1] PCIREAD f7ce0c40 (4) 0 0x88000c40
[01, 1] PCIREAD f7ce0008 (4) e0743 0x88000008
[01, 1] PCIWRITE f7ce0c40 (4) 4 0x88000c40
[01, 1] PCIREAD f7ce0c40 (4) 4 0x88000c40
[01, 1] PCIREAD f7ce0800 (4) a0000003 0x88000800
[01, 1] PCIWRITE f7ce0c40 (4) 2 0x88000c40
[01, 1] PCIREAD f7ce0008 (4) e0743 0x88000008
[01, 1] PCIREAD f7ce0f10 (4) 3 0x88000f10
[01, 1] PCIREAD f7ce0f18 (4) 15c 0x88000f18
[01, 1] PCIREAD f7ce0f14 (4) 0 0x88000f14
[01, 1] PCIREAD f7ce0f34 (4) 0 0x88000f34
[01, 1] PCIREAD f7ce0f3c (4) 3 0x88000f3c
[01, 1] PCIREAD f7ce0f50 (4) 0 0x88000f50
[01, 1] PCIREAD f7ce0f44 (4) 0 0x88000f44
[01, 1] PCIREAD f7ce0f48 (4) 0 0x88000f48
[01, 1] PCIREAD f7ce0f40 (4) 0 0x88000f40
[01, 1] PCIWRITE f7ce1520 (4) 2 0x88001520
[01, 1] PCIWRITE f7ce1524 (4) 2 0x88001524
[01, 1] PCIWRITE f7ce3818 (4) 1 0x88003818
[01, 1] PCIWRITE f7ce1524 (4) 1 0x88001524
[01, 1] PCIWRITE f7ce3818 (4) 2 0x88003818
[01, 1] PCIWRITE f7ce1524 (4) 1 0x88001524
[01, 1] PCIWRITE f7ce2818 (4) 2 0x88002818
[01, 1] PCIWRITE f7ce1524 (4) 2 0x88001524
[01, 1] PCIWRITE f7ce2818 (4) 4 0x88002818
[01, 1] PCIWRITE f7ce1524 (4) 2 0x88001524
[01, 1] PCIWRITE f7ce2818 (4) 5 0x88002818
[01, 1] PCIWRITE f7ce1524 (4) 2 0x88001524
[01, 1] PCIWRITE f7ce2818 (4) 8 0x88002818
[01, 1] PCIWRITE f7ce1524 (4) 2 0x88001524
[01, 1] PCIWRITE f7ce0c40 (4) 4 0x88000c40
[01, 1] PCIREAD f7ce0c40 (4) 4 0x88000c40
[01, 1] PCIREAD f7ce0c40 (4) 4 0x88000c40
[01, 1] PCIREAD f7ce0c40 (4) 4 0x88000c40
[01, 1] PCIWRITE f7ce0800 (4) 30003 0x88000800
[01, 1] PCIWRITE f7ce0804 (4) 100e8e 0x88000804
[01, 1] PCIWRITE f7ce0808 (4) c68a0010 0x88000808
[01, 1] PCIWRITE f7ce080c (4) c1067a01 0x8800080c
[01, 1] PCIWRITE f7ce0810 (4) c68ade78 0x88000810
[01, 1] PCIWRITE f7ce0814 (4) c68adeec 0x88000814
[01, 1] PCIWRITE f7ce0818 (4) 0 0x88000818
[01, 1] PCIWRITE f7ce081c (4) c19da860 0x8800081c
[01, 1] PCIWRITE f7ce0820 (4) 0 0x88000820
[01, 1] PCIWRITE f7ce0824 (4) c7bc3000 0x88000824
[01, 1] PCIWRITE f7ce0828 (4) c106b69c 0x88000828
[01, 1] PCIWRITE f7ce082c (4) 1 0x8800082c
[01, 1] PCIWRITE f7ce0830 (4) ffffffff 0x88000830
[01, 1] PCIWRITE f7ce0834 (4) 1 0x88000834
[01, 1] PCIWRITE f7ce0838 (4) 0 0x88000838
[01, 1] PCIWRITE f7ce083c (4) 0 0x8800083c
[01, 1] PCIWRITE f7ce0c40 (4) 1 0x88000c40
[01, 1] PCIREAD f7ce0c40 (4) 0 0x88000c40
[01, 1] PCIWRITE f7ce1524 (4) 4 0x88001524
[01, 1] PCIWRITE f7ce1524 (4) 4 0x88001524
[01, 1] PCIREAD f7ce0c40 (4) 30 0x88000c40
[01, 1] PCIWRITE f7ce2818 (4) b 0x88002818
[01, 1] PCIWRITE f7ce1524 (4) 2 0x88001524
[01, 1] PCIWRITE f7ce1524 (4) 2 0x88001524
[01, 1] PCIWRITE f7ce2818 (4) c 0x88002818
[01, 1] PCIWRITE f7ce1524 (4) 2 0x88001524
[01, 1] PCIWRITE f7ce2818 (4) d 0x88002818
[01, 1] PCIWRITE f7ce1524 (4) 2 0x88001524
[01, 1] PCIWRITE f7ce2818 (4) 10 0x88002818
[01, 1] PCIWRITE f7ce1524 (4) 2 0x88001524
[01, 1] PCIWRITE f7ce2818 (4) 11 0x88002818
[01, 1] PCIWRITE f7ce1524 (4) 2 0x88001524
[01, 1] PCIWRITE f7ce2818 (4) 13 0x88002818
[01, 1] PCIWRITE f7ce1524 (4) 2 0x88001524
[01, 1] PCIWRITE f7ce2818 (4) 14 0x88002818
[01, 1] PCIWRITE f7ce1524 (4) 2 0x88001524
[01, 1] PCIWRITE f7ce2818 (4) 15 0x88002818
[01, 1] PCIWRITE f7ce1524 (4) 2 0x88001524
[01, 1] PCIWRITE f7ce2818 (4) 17 0x88002818
[01, 1] PCIWRITE f7ce1524 (4) 2 0x88001524
[01, 1] PCIWRITE f7ce2818 (4) 19 0x88002818
[01, 1] PCIWRITE f7ce1524 (4) 2 0x88001524
[01, 1] PCIWRITE f7ce2818 (4) 1b 0x88002818
[01, 1] PCIWRITE f7ce1524 (4) 2 0x88001524
[01, 1] PCIWRITE f7ce2818 (4) 1c 0x88002818
[01, 1] PCIWRITE f7ce1524 (4) 2 0x88001524
[01, 1] PCIWRITE f7ce2818 (4) 1d 0x88002818
[01, 1] PCIWRITE f7ce1524 (4) 2 0x88001524
[01, 1] PCIWRITE f7ce2818 (4) 1f 0x88002818
[01, 1] PCIWRITE f7ce1524 (4) 2 0x88001524
[01, 1] PCIWRITE f7ce2818 (4) 21 0x88002818
[01, 1] PCIWRITE f7ce1524 (4) 2 0x88001524
[01, 1] PCIWRITE f7ce2818 (4) 23 0x88002818
[01, 1] PCIWRITE f7ce1524 (4) 2 0x88001524
[01, 1] PCIWRITE f7ce2818 (4) 24 0x88002818
[01, 1] PCIWRITE f7ce1524 (4) 2 0x88001524
[01, 1] PCIREAD f7ce0c40 (4) 0 0x88000c40
[01, 1] PCIREAD f7ce0008 (4) e0743 0x88000008
[01, 1] PCIWRITE f7ce0c40 (4) 4 0x88000c40
[01, 1] PCIREAD f7ce0c40 (4) 4 0x88000c40
[01, 1] PCIREAD f7ce0800 (4) a0000003 0x88000800
[01, 1] PCIWRITE f7ce0c40 (4) 2 0x88000c40
[01, 1] PCIREAD f7ce0008 (4) e0743 0x88000008
[01, 1] PCIREAD f7ce0f10 (4) 26 0x88000f10
[01, 1] PCIREAD f7ce0f18 (4) ecb 0x88000f18
[01, 1] PCIREAD f7ce0f14 (4) 2 0x88000f14
[01, 1] PCIREAD f7ce0f34 (4) 9c 0x88000f34
[01, 1] PCIREAD f7ce0f3c (4) 26 0x88000f3c
[01, 1] PCIREAD f7ce0f50 (4) 0 0x88000f50
[01, 1] PCIREAD f7ce0f44 (4) 0 0x88000f44
[01, 1] PCIREAD f7ce0f48 (4) 0 0x88000f48
[01, 1] PCIREAD f7ce0f40 (4) 0 0x88000f40
[01, 1] PCIWRITE f7ce1520 (4) 2 0x88001520
[01, 1] PCIWRITE f7ce1524 (4) 2 0x88001524
[01, 1] PCIWRITE f7ce2818 (4) 25 0x88002818
[01, 1] PCIWRITE f7ce1524 (4) 2 0x88001524
[01, 1] PCIWRITE f7ce3818 (4) 3 0x88003818
[01, 1] PCIWRITE f7ce1524 (4) 1 0x88001524
[01, 1] PCIWRITE f7ce2818 (4) 26 0x88002818
[01, 1] PCIWRITE f7ce1524 (4) 2 0x88001524
[01, 1] PCIREAD f7ce0c40 (4) 0 0x88000c40
[01, 1] PCIREAD f7ce0f10 (4) 28 0x88000f10
[01, 1] PCIREAD f7ce0f18 (4) 1002 0x88000f18
[01, 1] PCIREAD f7ce0f14 (4) 3 0x88000f14
[01, 1] PCIREAD f7ce0f34 (4) 2ee 0x88000f34
[01, 1] PCIREAD f7ce0f3c (4) 28 0x88000f3c
[01, 1] PCIREAD f7ce0f50 (4) 0 0x88000f50
[01, 1] PCIREAD f7ce0f44 (4) 0 0x88000f44
[01, 1] PCIREAD f7ce0f48 (4) 0 0x88000f48
[01, 1] PCIREAD f7ce0f40 (4) 0 0x88000f40
[01, 1] PCIWRITE f7ce1520 (4) 2 0x88001520
[01, 1] PCIWRITE f7ce1524 (4) 2 0x88001524
[01, 1] PCIWRITE f7ce2818 (4) 27 0x88002818
[01, 1] PCIWRITE f7ce1524 (4) 2 0x88001524
[01, 1] PCIWRITE f7ce3818 (4) 4 0x88003818
[01, 1] PCIWRITE f7ce1524 (4) 1 0x88001524
[01, 1] PCIWRITE f7ce2818 (4) 28 0x88002818
[01, 1] PCIWRITE f7ce1524 (4) 2 0x88001524
[01, 1] PCIWRITE f7ce0c40 (4) 4 0x88000c40
[01, 1] PCIREAD f7ce0c40 (4) 4 0x88000c40
[01, 1] PCIREAD f7ce0c40 (4) 4 0x88000c40
[01, 1] PCIREAD f7ce0c40 (4) 4 0x88000c40
[01, 1] PCIWRITE f7ce0800 (4) 30003 0x88000800
[01, 1] PCIWRITE f7ce0804 (4) 100e8e 0x88000804
[01, 1] PCIWRITE f7ce0808 (4) 10 0x88000808
[01, 1] PCIWRITE f7ce080c (4) 0 0x8800080c
[01, 1] PCIWRITE f7ce0810 (4) c12d626f 0x88000810
[01, 1] PCIWRITE f7ce0814 (4) dc4f7380 0x88000814
[01, 1] PCIWRITE f7ce0818 (4) ffffffff 0x88000818
[01, 1] PCIWRITE f7ce081c (4) c12d6a7d 0x8800081c
[01, 1] PCIWRITE f7ce0820 (4) c74f7380 0x88000820
[01, 1] PCIWRITE f7ce0824 (4) c13009da 0x88000824
[01, 1] PCIWRITE f7ce0828 (4) 0 0x88000828
[01, 1] PCIWRITE f7ce082c (4) c6e656e0 0x8800082c
[01, 1] PCIWRITE f7ce0830 (4) c14d3b60 0x88000830
[01, 1] PCIWRITE f7ce0834 (4) 0 0x88000834
[01, 1] PCIWRITE f7ce0838 (4) 1 0x88000838
[01, 1] PCIWRITE f7ce083c (4) 0 0x8800083c
[01, 1] PCIWRITE f7ce0c40 (4) 1 0x88000c40
[01, 1] PCIREAD f7ce0c40 (4) 0 0x88000c40
[01, 1] PCIWRITE f7ce1524 (4) 4 0x88001524
[01, 1] PCIWRITE f7ce1524 (4) 4 0x88001524
[01, 1] PCIREAD f7ce0c40 (4) 30 0x88000c40
[01, 1] PCIWRITE f7ce0c40 (4) 4 0x88000c40
[01, 1] PCIREAD f7ce0c40 (4) 4 0x88000c40
[01, 1] PCIREAD f7ce0c40 (4) 4 0x88000c40
[01, 1] PCIREAD f7ce0c40 (4) 4 0x88000c40
[01, 1] PCIWRITE f7ce0800 (4) 30003 0x88000800
[01, 1] PCIWRITE f7ce0804 (4) 100e8e 0x88000804
[01, 1] PCIWRITE f7ce0808 (4) c12d0010 0x88000808
[01, 1] PCIWRITE f7ce080c (4) 4a4f7380 0x8800080c
[01, 1] PCIWRITE f7ce0810 (4) ffffffff 0x88000810
[01, 1] PCIWRITE f7ce0814 (4) c12d6a7d 0x88000814
[01, 1] PCIWRITE f7ce0818 (4) c74f7380 0x88000818
[01, 1] PCIWRITE f7ce081c (4) c13009da 0x8800081c
[01, 1] PCIWRITE f7ce0820 (4) 0 0x88000820
[01, 1] PCIWRITE f7ce0824 (4) c6e656e0 0x88000824
[01, 1] PCIWRITE f7ce0828 (4) c14d3b60 0x88000828
[01, 1] PCIWRITE f7ce082c (4) 0 0x8800082c
[01, 1] PCIWRITE f7ce0830 (4) 1 0x88000830
[01, 1] PCIWRITE f7ce0834 (4) c74f7380 0x88000834
[01, 1] PCIWRITE f7ce0838 (4) c103e31f 0x88000838
[01, 1] PCIWRITE f7ce083c (4) 0 0x8800083c
[01, 1] PCIWRITE f7ce0c40 (4) 1 0x88000c40
[01, 1] PCIREAD f7ce0c40 (4) 0 0x88000c40
[01, 1] PCIWRITE f7ce1524 (4) 4 0x88001524
[01, 1] PCIWRITE f7ce1524 (4) 4 0x88001524
[01, 1] PCIREAD f7ce0c40 (4) 30 0x88000c40
[01, 1] PCIWRITE f7ce2818 (4) 29 0x88002818
[01, 1] PCIWRITE f7ce1524 (4) 2 0x88001524
[01, 1] PCIREAD f7ce0c40 (4) 0 0x88000c40
[01, 1] PCIREAD f7ce0008 (4) e0743 0x88000008
[01, 1] PCIWRITE f7ce0c40 (4) 4 0x88000c40
[01, 1] PCIREAD f7ce0c40 (4) 4 0x88000c40
[01, 1] PCIREAD f7ce0800 (4) a0000003 0x88000800
[01, 1] PCIWRITE f7ce0c40 (4) 2 0x88000c40
[01, 1] PCIREAD f7ce0008 (4) e0743 0x88000008
[01, 1] PCIREAD f7ce0f10 (4) 2b 0x88000f10
[01, 1] PCIREAD f7ce0f18 (4) 1384 0x88000f18
[01, 1] PCIREAD f7ce0f14 (4) 4 0x88000f14
[01, 1] PCIREAD f7ce0f34 (4) 540 0x88000f34
[01, 1] PCIREAD f7ce0f3c (4) 29 0x88000f3c
[01, 1] PCIREAD f7ce0f50 (4) 0 0x88000f50
[01, 1] PCIREAD f7ce0f44 (4) 0 0x88000f44
[01, 1] PCIREAD f7ce0f48 (4) 0 0x88000f48
[01, 1] PCIREAD f7ce0f40 (4) 0 0x88000f40
[01, 1] PCIWRITE f7ce1520 (4) 2 0x88001520
[01, 1] PCIWRITE f7ce1524 (4) 2 0x88001524
[01, 1] PCIWRITE f7ce2818 (4) 2a 0x88002818
[01, 1] PCIWRITE f7ce1524 (4) 2 0x88001524
[01, 1] PCIWRITE f7ce3818 (4) 5 0x88003818
[01, 1] PCIWRITE f7ce1524 (4) 1 0x88001524
[01, 1] PCIWRITE f7ce2818 (4) 2b 0x88002818
[01, 1] PCIWRITE f7ce1524 (4) 2 0x88001524
[01, 1] PCIWRITE f7ce3818 (4) 6 0x88003818
[01, 1] PCIWRITE f7ce1524 (4) 1 0x88001524
[01, 1] PCIWRITE f7ce3818 (4) 8 0x88003818
[01, 1] PCIWRITE f7ce2818 (4) 2c 0x88002818
[01, 1] PCIWRITE f7ce1524 (4) 1 0x88001524
[01, 1] PCIWRITE f7ce1524 (4) 2 0x88001524
[01, 1] PCIWRITE f7ce2818 (4) 2d 0x88002818
[01, 1] PCIWRITE f7ce1524 (4) 2 0x88001524
[01, 1] PCIWRITE f7ce3818 (4) 9 0x88003818
[01, 1] PCIWRITE f7ce1524 (4) 1 0x88001524
[01, 1] PCIWRITE f7ce2818 (4) 2e 0x88002818
[01, 1] PCIWRITE f7ce1524 (4) 2 0x88001524
[01, 1] PCIWRITE f7ce3818 (4) a 0x88003818
[01, 1] PCIWRITE f7ce1524 (4) 1 0x88001524
[01, 1] PCIWRITE f7ce2818 (4) 2f 0x88002818
[01, 1] PCIWRITE f7ce1524 (4) 2 0x88001524
[01, 1] PCIREAD f7ce0c40 (4) 0 0x88000c40
[01, 1] PCIREAD f7ce0f10 (4) 31 0x88000f10
[01, 1] PCIREAD f7ce0f18 (4) 178f 0x88000f18
[01, 1] PCIREAD f7ce0f14 (4) 9 0x88000f14
[01, 1] PCIREAD f7ce0f34 (4) 6d1 0x88000f34
[01, 1] PCIREAD f7ce0f3c (4) 2b 0x88000f3c
[01, 1] PCIREAD f7ce0f50 (4) 0 0x88000f50
[01, 1] PCIREAD f7ce0f44 (4) 0 0x88000f44
[01, 1] PCIREAD f7ce0f48 (4) 0 0x88000f48
[01, 1] PCIREAD f7ce0f40 (4) 0 0x88000f40
[01, 1] PCIWRITE f7ce1520 (4) 2 0x88001520
[01, 1] PCIWRITE f7ce1524 (4) 2 0x88001524
[01, 1] PCIWRITE f7ce3818 (4) b 0x88003818
[01, 1] PCIWRITE f7ce1524 (4) 1 0x88001524
[01, 1] PCIWRITE f7ce2818 (4) 30 0x88002818
[01, 1] PCIWRITE f7ce1524 (4) 2 0x88001524
[01, 1] PCIWRITE f7ce3818 (4) c 0x88003818
[01, 1] PCIWRITE f7ce1524 (4) 1 0x88001524
[01, 1] PCIWRITE f7ce2818 (4) 31 0x88002818
[01, 1] PCIWRITE f7ce1524 (4) 2 0x88001524
[01, 1] PCIWRITE f7ce3818 (4) d 0x88003818
[01, 1] PCIWRITE f7ce2818 (4) 32 0x88002818
[01, 1] PCIWRITE f7ce1524 (4) 1 0x88001524
[01, 1] PCIWRITE f7ce1524 (4) 2 0x88001524
[01, 1] PCIWRITE f7ce3818 (4) e 0x88003818
[01, 1] PCIWRITE f7ce1524 (4) 1 0x88001524
[01, 1] PCIWRITE f7ce2818 (4) 33 0x88002818
[01, 1] PCIWRITE f7ce1524 (4) 2 0x88001524
[01, 1] PCIWRITE f7ce3818 (4) f 0x88003818
[01, 1] PCIWRITE f7ce1524 (4) 1 0x88001524
[01, 1] PCIWRITE f7ce2818 (4) 34 0x88002818
[01, 1] PCIWRITE f7ce1524 (4) 2 0x88001524
[01, 1] PCIREAD f7ce0c40 (4) 0 0x88000c40
[01, 1] PCIREAD f7ce0f10 (4) 36 0x88000f10
[01, 1] PCIREAD f7ce0f18 (4) 19d7 0x88000f18
[01, 1] PCIREAD f7ce0f14 (4) e 0x88000f14
[01, 1] PCIREAD f7ce0f34 (4) 88f 0x88000f34
[01, 1] PCIREAD f7ce0f3c (4) 2c 0x88000f3c
[01, 1] PCIREAD f7ce0f50 (4) 0 0x88000f50
[01, 1] PCIREAD f7ce0f44 (4) 0 0x88000f44
[01, 1] PCIREAD f7ce0f48 (4) 0 0x88000f48
[01, 1] PCIREAD f7ce0f40 (4) 0 0x88000f40
[01, 1] PCIWRITE f7ce1520 (4) 2 0x88001520
[01, 1] PCIWRITE f7ce1524 (4) 2 0x88001524
[01, 1] PCIWRITE f7ce3818 (4) 10 0x88003818
[01, 1] PCIWRITE f7ce1524 (4) 1 0x88001524
[01, 1] PCIWRITE f7ce2818 (4) 35 0x88002818
[01, 1] PCIWRITE f7ce1524 (4) 2 0x88001524
[01, 1] PCIWRITE f7ce3818 (4) 11 0x88003818
[01, 1] PCIWRITE f7ce1524 (4) 1 0x88001524
[01, 1] PCIREAD f7ce0c40 (4) 0 0x88000c40
[01, 1] PCIREAD f7ce0f10 (4) 37 0x88000f10
[01, 1] PCIREAD f7ce0f18 (4) 1a3d 0x88000f18
[01, 1] PCIREAD f7ce0f14 (4) 10 0x88000f14
[01, 1] PCIREAD f7ce0f34 (4) 93f 0x88000f34
[01, 1] PCIREAD f7ce0f3c (4) 2c 0x88000f3c
[01, 1] PCIREAD f7ce0f50 (4) 0 0x88000f50
[01, 1] PCIREAD f7ce0f44 (4) 0 0x88000f44
[01, 1] PCIREAD f7ce0f48 (4) 0 0x88000f48
[01, 1] PCIREAD f7ce0f40 (4) 0 0x88000f40
[01, 1] PCIWRITE f7ce1520 (4) 2 0x88001520
[01, 1] PCIWRITE f7ce1524 (4) 2 0x88001524
[01, 1] PCIREAD f7ce0c40 (4) 0 0x88000c40
[01, 1] PCIREAD f7ce0f10 (4) 37 0x88000f10
[01, 1] PCIREAD f7ce0f18 (4) 1a3d 0x88000f18
[01, 1] PCIREAD f7ce0f14 (4) 10 0x88000f14
[01, 1] PCIREAD f7ce0f34 (4) 93f 0x88000f34
[01, 1] PCIREAD f7ce0f3c (4) 2c 0x88000f3c
[01, 1] PCIREAD f7ce0f50 (4) 0 0x88000f50
[01, 1] PCIREAD f7ce0f44 (4) 0 0x88000f44
[01, 1] PCIREAD f7ce0f48 (4) 0 0x88000f48
[01, 1] PCIREAD f7ce0f40 (4) 0 0x88000f40
[01, 1] PCIWRITE f7ce1520 (4) 2 0x88001520
[01, 1] PCIWRITE f7ce1524 (4) 2 0x88001524
[01, 1] PCIREAD f7ce0c40 (4) 0 0x88000c40
[01, 1] PCIREAD f7ce0f10 (4) 37 0x88000f10
[01, 1] PCIWRITE f7ce2818 (4) 36 0x88002818
[01, 1] PCIWRITE f7ce1524 (4) 2 0x88001524
[01, 1] PCIREAD f7ce0f18 (4) 1b19 0x88000f18
[01, 1] PCIREAD f7ce0f14 (4) 10 0x88000f14
[01, 1] PCIREAD f7ce0f34 (4) 93f 0x88000f34
[01, 1] PCIREAD f7ce0f3c (4) 2d 0x88000f3c
[01, 1] PCIREAD f7ce0f50 (4) 0 0x88000f50
[01, 1] PCIREAD f7ce0f44 (4) 0 0x88000f44
[01, 1] PCIREAD f7ce0f48 (4) 0 0x88000f48
[01, 1] PCIREAD f7ce0f40 (4) 0 0x88000f40
[01, 1] PCIWRITE f7ce1520 (4) 2 0x88001520
[01, 1] PCIWRITE f7ce1524 (4) 2 0x88001524
[01, 1] PCIREAD f7ce0c40 (4) 0 0x88000c40
[01, 1] PCIREAD f7ce0f10 (4) 38 0x88000f10
[01, 1] PCIREAD f7ce0f18 (4) 1b19 0x88000f18
[01, 1] PCIREAD f7ce0f14 (4) 10 0x88000f14
[01, 1] PCIREAD f7ce0f34 (4) 93f 0x88000f34
[01, 1] PCIREAD f7ce0f3c (4) 2d 0x88000f3c
[01, 1] PCIREAD f7ce0f50 (4) 0 0x88000f50
[01, 1] PCIREAD f7ce0f44 (4) 0 0x88000f44
[01, 1] PCIREAD f7ce0f48 (4) 0 0x88000f48
[01, 1] PCIREAD f7ce0f40 (4) 0 0x88000f40
[01, 1] PCIWRITE f7ce1520 (4) 2 0x88001520
[01, 1] PCIWRITE f7ce1524 (4) 2 0x88001524
[01, 1] PCIREAD f7ce0c40 (4) 0 0x88000c40
[01, 1] PCIREAD f7ce0f10 (4) 38 0x88000f10
[01, 1] PCIREAD f7ce0f18 (4) 1b19 0x88000f18
[01, 1] PCIREAD f7ce0f14 (4) 10 0x88000f14
[01, 1] PCIREAD f7ce0f34 (4) 93f 0x88000f34
[01, 1] PCIREAD f7ce0f3c (4) 2d 0x88000f3c
[01, 1] PCIREAD f7ce0f50 (4) 0 0x88000f50
[01, 1] PCIREAD f7ce0f44 (4) 0 0x88000f44
[01, 1] PCIREAD f7ce0f48 (4) 0 0x88000f48
[01, 1] PCIREAD f7ce0f40 (4) 0 0x88000f40
[01, 1] PCIWRITE f7ce1520 (4) 2 0x88001520
[01, 1] PCIWRITE f7ce1524 (4) 2 0x88001524
[01, 1] PCIWRITE f7ce2818 (4) 37 0x88002818
[01, 1] PCIWRITE f7ce1524 (4) 2 0x88001524
[01, 1] PCIWRITE f7ce2818 (4) 38 0x88002818
[01, 1] PCIWRITE f7ce1524 (4) 2 0x88001524
[01, 1] PCIREAD f7ce0c40 (4) 0 0x88000c40
[01, 1] PCIREAD f7ce0f10 (4) 3a 0x88000f10
[01, 1] PCIREAD f7ce0f18 (4) 1c28 0x88000f18
[01, 1] PCIREAD f7ce0f14 (4) 10 0x88000f14
[01, 1] PCIREAD f7ce0f34 (4) 93f 0x88000f34
[01, 1] PCIREAD f7ce0f3c (4) 2f 0x88000f3c
[01, 1] PCIREAD f7ce0f50 (4) 0 0x88000f50
[01, 1] PCIREAD f7ce0f44 (4) 0 0x88000f44
[01, 1] PCIREAD f7ce0f48 (4) 0 0x88000f48
[01, 1] PCIREAD f7ce0f40 (4) 0 0x88000f40
[01, 1] PCIWRITE f7ce1520 (4) 2 0x88001520
[01, 1] PCIWRITE f7ce1524 (4) 2 0x88001524
[01, 1] PCIREAD f7ce0c40 (4) 0 0x88000c40
[01, 1] PCIREAD f7ce0f10 (4) 3a 0x88000f10
[01, 1] PCIREAD f7ce0f18 (4) 1c28 0x88000f18
[01, 1] PCIREAD f7ce0f14 (4) 10 0x88000f14
[01, 1] PCIREAD f7ce0f34 (4) 93f 0x88000f34
[01, 1] PCIREAD f7ce0f3c (4) 2f 0x88000f3c
[01, 1] PCIREAD f7ce0f50 (4) 0 0x88000f50
[01, 1] PCIREAD f7ce0f44 (4) 0 0x88000f44
[01, 1] PCIREAD f7ce0f48 (4) 0 0x88000f48
[01, 1] PCIREAD f7ce0f40 (4) 0 0x88000f40
[01, 1] PCIWRITE f7ce1520 (4) 2 0x88001520
[01, 1] PCIWRITE f7ce1524 (4) 2 0x88001524
[01, 1] PCIREAD f7ce0c40 (4) 0 0x88000c40
[01, 1] PCIREAD f7ce0f10 (4) 3a 0x88000f10
[01, 1] PCIREAD f7ce0f18 (4) 1c28 0x88000f18
[01, 1] PCIREAD f7ce0f14 (4) 10 0x88000f14
[01, 1] PCIREAD f7ce0f34 (4) 93f 0x88000f34
[01, 1] PCIREAD f7ce0f3c (4) 2f 0x88000f3c
[01, 1] PCIREAD f7ce0f50 (4) 0 0x88000f50
[01, 1] PCIREAD f7ce0f44 (4) 0 0x88000f44
[01, 1] PCIREAD f7ce0f48 (4) 0 0x88000f48
[01, 1] PCIREAD f7ce0f40 (4) 0 0x88000f40
[01, 1] PCIWRITE f7ce1520 (4) 2 0x88001520
[01, 1] PCIWRITE f7ce1524 (4) 2 0x88001524
[01, 1] PCIWRITE f7ce2818 (4) 39 0x88002818
[01, 1] PCIWRITE f7ce1524 (4) 2 0x88001524
[01, 1] PCIREAD f7ce0c40 (4) 0 0x88000c40
[01, 1] PCIREAD f7ce0f10 (4) 3b 0x88000f10
[01, 1] PCIREAD f7ce0f18 (4) 1cf0 0x88000f18
[01, 1] PCIREAD f7ce0f14 (4) 10 0x88000f14
[01, 1] PCIREAD f7ce0f34 (4) 93f 0x88000f34
[01, 1] PCIREAD f7ce0f3c (4) 30 0x88000f3c
[01, 1] PCIREAD f7ce0f50 (4) 0 0x88000f50
[01, 1] PCIREAD f7ce0f44 (4) 0 0x88000f44
[01, 1] PCIREAD f7ce0f48 (4) 0 0x88000f48
[01, 1] PCIREAD f7ce0f40 (4) 0 0x88000f40
[01, 1] PCIWRITE f7ce1520 (4) 2 0x88001520
[01, 1] PCIWRITE f7ce1524 (4) 2 0x88001524
[01, 1] PCIWRITE f7ce2818 (4) 3a 0x88002818
[01, 1] PCIWRITE f7ce1524 (4) 2 0x88001524
[01, 1] PCIWRITE f7ce2818 (4) 3b 0x88002818
[01, 1] PCIWRITE f7ce1524 (4) 2 0x88001524
[01, 1] PCIREAD f7ce0c40 (4) 0 0x88000c40
[01, 1] PCIREAD f7ce0f10 (4) 3d 0x88000f10
[01, 1] PCIREAD f7ce0f18 (4) 1e8a 0x88000f18
[01, 1] PCIREAD f7ce0f14 (4) 10 0x88000f14
[01, 1] PCIREAD f7ce0f34 (4) 93f 0x88000f34
[01, 1] PCIREAD f7ce0f3c (4) 32 0x88000f3c
[01, 1] PCIREAD f7ce0f50 (4) 0 0x88000f50
[01, 1] PCIREAD f7ce0f44 (4) 0 0x88000f44
[01, 1] PCIREAD f7ce0f48 (4) 0 0x88000f48
[01, 1] PCIREAD f7ce0f40 (4) 0 0x88000f40
[01, 1] PCIWRITE f7ce1520 (4) 2 0x88001520
[01, 1] PCIWRITE f7ce1524 (4) 2 0x88001524
[01, 1] PCIWRITE f7ce2818 (4) 3d 0x88002818
[01, 1] PCIWRITE f7ce1524 (4) 2 0x88001524
[01, 1] PCIWRITE f7ce1524 (4) 2 0x88001524
[01, 1] PCIWRITE f7ce2818 (4) 3e 0x88002818
[01, 1] PCIWRITE f7ce1524 (4) 2 0x88001524
[01, 1] PCIWRITE f7ce2818 (4) 3f 0x88002818
[01, 1] PCIWRITE f7ce1524 (4) 2 0x88001524
[01, 1] PCIREAD f7ce0c40 (4) 0 0x88000c40
[01, 1] PCIREAD f7ce0f10 (4) 41 0x88000f10
[01, 1] PCIREAD f7ce0f18 (4) 200a 0x88000f18
[01, 1] PCIREAD f7ce0f14 (4) 10 0x88000f14
[01, 1] PCIREAD f7ce0f34 (4) 93f 0x88000f34
[01, 1] PCIREAD f7ce0f3c (4) 36 0x88000f3c
[01, 1] PCIREAD f7ce0f50 (4) 0 0x88000f50
[01, 1] PCIREAD f7ce0f44 (4) 0 0x88000f44
[01, 1] PCIREAD f7ce0f48 (4) 0 0x88000f48
[01, 1] PCIREAD f7ce0f40 (4) 0 0x88000f40
[01, 1] PCIWRITE f7ce1520 (4) 2 0x88001520
[01, 1] PCIWRITE f7ce1524 (4) 2 0x88001524
[01, 1] PCIWRITE f7ce2818 (4) 42 0x88002818
[01, 1] PCIWRITE f7ce1524 (4) 2 0x88001524
[01, 1] PCIWRITE f7ce2818 (4) 43 0x88002818
[01, 1] PCIWRITE f7ce1524 (4) 2 0x88001524
[01, 1] PCIWRITE f7ce2818 (4) 46 0x88002818
[01, 1] PCIWRITE f7ce1524 (4) 2 0x88001524
[01, 1] PCIWRITE f7ce1524 (4) 2 0x88001524
[01, 1] PCIWRITE f7ce2818 (4) 48 0x88002818
[01, 1] PCIWRITE f7ce1524 (4) 2 0x88001524
[01, 1] PCIWRITE f7ce1524 (4) 2 0x88001524
[01, 1] PCIWRITE f7ce2818 (4) 49 0x88002818
[01, 1] PCIWRITE f7ce1524 (4) 2 0x88001524
[01, 1] PCIWRITE f7ce2818 (4) 4a 0x88002818
[01, 1] PCIWRITE f7ce1524 (4) 2 0x88001524
[01, 1] PCIWRITE f7ce2818 (4) 4b 0x88002818
[01, 1] PCIWRITE f7ce1524 (4) 2 0x88001524
